[INFO][MainThread][2021-08-26 23:21:33,019] Scrapping Data Science Books from Amazon
[INFO][MainThread][2021-08-26 23:21:33,021] Generating CSV file 
[INFO][MainThread][2021-08-26 23:21:33,021] Writting data from Amazon
[DEBUG][MainThread][2021-08-26 23:21:33,029] Starting new HTTPS connection (1): www.amazon.com.au:443
[DEBUG][MainThread][2021-08-26 23:21:33,311] https://www.amazon.com.au:443 "GET /s?k=data+science+books&ref=nb_sb_noss_1 HTTP/1.1" 200 None
[DEBUG][MainThread][2021-08-26 23:21:34,931] Starting new HTTPS connection (1): www.amazon.com.au:443
[DEBUG][MainThread][2021-08-26 23:21:35,153] https://www.amazon.com.au:443 "GET //s?k=data+science+books&page=2&qid=1629984094&ref=sr_pg_1 HTTP/1.1" 200 None
[DEBUG][MainThread][2021-08-26 23:21:36,839] Starting new HTTPS connection (1): www.amazon.com.au:443
[DEBUG][MainThread][2021-08-26 23:21:37,067] https://www.amazon.com.au:443 "GET //s?k=data+science+books&page=3&qid=1629984096&ref=sr_pg_2 HTTP/1.1" 200 None
[DEBUG][MainThread][2021-08-26 23:21:38,622] Starting new HTTPS connection (1): www.amazon.com.au:443
[DEBUG][MainThread][2021-08-26 23:21:38,848] https://www.amazon.com.au:443 "GET //s?k=data+science+books&page=4&qid=1629984098&ref=sr_pg_3 HTTP/1.1" 200 None
[DEBUG][MainThread][2021-08-26 23:21:40,364] Starting new HTTPS connection (1): www.amazon.com.au:443
[DEBUG][MainThread][2021-08-26 23:21:40,595] https://www.amazon.com.au:443 "GET //s?k=data+science+books&page=5&qid=1629984099&ref=sr_pg_4 HTTP/1.1" 200 None
[DEBUG][MainThread][2021-08-26 23:21:42,179] Starting new HTTPS connection (1): www.amazon.com.au:443
[DEBUG][MainThread][2021-08-26 23:21:42,400] https://www.amazon.com.au:443 "GET //s?k=data+science+books&page=6&qid=1629984101&ref=sr_pg_5 HTTP/1.1" 200 None
[DEBUG][MainThread][2021-08-26 23:21:43,870] Starting new HTTPS connection (1): www.amazon.com.au:443
[DEBUG][MainThread][2021-08-26 23:21:44,392] https://www.amazon.com.au:443 "GET //s?k=data+science+books&page=7&qid=1629984103&ref=sr_pg_6 HTTP/1.1" 200 None
[INFO][MainThread][2021-08-26 23:21:45,560] data collected successfully. Script finished
[INFO][MainThread][2021-08-26 23:23:05,109] Scrapping Data Science Books from Amazon
[INFO][MainThread][2021-08-26 23:23:05,110] Generating CSV file 
[INFO][MainThread][2021-08-26 23:23:05,110] Writting data from Amazon
[INFO][MainThread][2021-08-26 23:23:16,651] data collected successfully. Script finished
